execve("./hello", ["./hello"], 0x7ffd2b8be148 /* 62 vars */) = 0 <0.000253>
brk(NULL)                               = 0x55cd98076000 <0.000006>
access("/etc/ld.so.nohwcap", F_OK)      = -1 ENOENT (No such file or directory) <0.000010>
access("/etc/ld.so.preload", R_OK)      = -1 ENOENT (No such file or directory) <0.000007>
openat(AT_FDCWD, "/etc/ld.so.cache", O_RDONLY|O_CLOEXEC) = 3 <0.000010>
fstat(3, {st_mode=S_IFREG|0644, st_size=76781, ...}) = 0 <0.000006>
mmap(NULL, 76781, PROT_READ, MAP_PRIVATE, 3, 0) = 0x7ff4c6339000 <0.000009>
close(3)                                = 0 <0.000005>
access("/etc/ld.so.nohwcap", F_OK)      = -1 ENOENT (No such file or directory) <0.000007>
openat(AT_FDCWD, "/lib/x86_64-linux-gnu/libc.so.6", O_RDONLY|O_CLOEXEC) = 3 <0.000010>
read(3, "\177ELF\2\1\1\3\0\0\0\0\0\0\0\0\3\0>\0\1\0\0\0\260\34\2\0\0\0\0\0"..., 832) = 832 <0.000007>
fstat(3, {st_mode=S_IFREG|0755, st_size=2030544, ...}) = 0 <0.000005>
mmap(NULL, 8192, PROT_READ|PROT_WRITE, MAP_PRIVATE|MAP_ANONYMOUS, -1, 0) = 0x7ff4c6337000 <0.000007>
mmap(NULL, 4131552, PROT_READ|PROT_EXEC, MAP_PRIVATE|MAP_DENYWRITE, 3, 0) = 0x7ff4c5d34000 <0.000009>
mprotect(0x7ff4c5f1b000, 2097152, PROT_NONE) = 0 <0.000014>
mmap(0x7ff4c611b000, 24576, PROT_READ|PROT_WRITE, MAP_PRIVATE|MAP_FIXED|MAP_DENYWRITE, 3, 0x1e7000) = 0x7ff4c611b000 <0.000012>
mmap(0x7ff4c6121000, 15072, PROT_READ|PROT_WRITE, MAP_PRIVATE|MAP_FIXED|MAP_ANONYMOUS, -1, 0) = 0x7ff4c6121000 <0.000008>
close(3)                                = 0 <0.000006>
arch_prctl(ARCH_SET_FS, 0x7ff4c63384c0) = 0 <0.000006>
mprotect(0x7ff4c611b000, 16384, PROT_READ) = 0 <0.000014>
mprotect(0x55cd970de000, 4096, PROT_READ) = 0 <0.000009>
mprotect(0x7ff4c634c000, 4096, PROT_READ) = 0 <0.000011>
munmap(0x7ff4c6339000, 76781)           = 0 <0.000023>
fstat(1, {st_mode=S_IFCHR|0620, st_rdev=makedev(136, 0), ...}) = 0 <0.000007>
brk(NULL)                               = 0x55cd98076000 <0.000005>
brk(0x55cd98097000)                     = 0x55cd98097000 <0.000007>
write(1, "hello world\n", 12)           = 12 <0.000526>
exit_group(0)                           = ?
+++ exited with 0 +++
